The system is: Linux - 4.8.15-200.fc24.x86_64 - x86_64
Compiling the C compiler identification source file "CMakeCCompilerId.c" succeeded.
Compiler: /opt/rh/devtoolset-1.1/root/usr/bin/cc 
Build flags: 
Id flags: 

The output was:
0


Compilation of the C compiler identification source "CMakeCCompilerId.c" produced "a.out"

The C compiler identification is GNU, found in "/user/rpandey/home/inria/code/ssd/build/CMakeFiles/3.6.2/CompilerIdC/a.out"

Compiling the CXX compiler identification source file "CMakeCXXCompilerId.cpp" succeeded.
Compiler: /opt/rh/devtoolset-1.1/root/usr/bin/c++ 
Build flags: 
Id flags: 

The output was:
0


Compilation of the CXX compiler identification source "CMakeCXXCompilerId.cpp" produced "a.out"

The CXX compiler identification is GNU, found in "/user/rpandey/home/inria/code/ssd/build/CMakeFiles/3.6.2/CompilerIdCXX/a.out"

Determining if the C compiler works passed with the following output:
Change Dir: /user/rpandey/home/inria/code/ssd/build/CMakeFiles/CMakeTmp

Run Build Command:"/usr/bin/gmake" "cmTC_f5f4d/fast"
/usr/bin/gmake -f CMakeFiles/cmTC_f5f4d.dir/build.make CMakeFiles/cmTC_f5f4d.dir/build
gmake[1]: Entering directory '/run/netsop/u/sop-nas2a/vol/home_stars/rpandey/inria/code/ssd/build/CMakeFiles/CMakeTmp'
Building C object CMakeFiles/cmTC_f5f4d.dir/testCCompiler.c.o
/opt/rh/devtoolset-1.1/root/usr/bin/cc     -o CMakeFiles/cmTC_f5f4d.dir/testCCompiler.c.o   -c /user/rpandey/home/inria/code/ssd/build/CMakeFiles/CMakeTmp/testCCompiler.c
Linking C executable cmTC_f5f4d
/usr/bin/cmake -E cmake_link_script CMakeFiles/cmTC_f5f4d.dir/link.txt --verbose=1
/opt/rh/devtoolset-1.1/root/usr/bin/cc       CMakeFiles/cmTC_f5f4d.dir/testCCompiler.c.o  -o cmTC_f5f4d -rdynamic 
gmake[1]: Leaving directory '/run/netsop/u/sop-nas2a/vol/home_stars/rpandey/inria/code/ssd/build/CMakeFiles/CMakeTmp'


Detecting C compiler ABI info compiled with the following output:
Change Dir: /user/rpandey/home/inria/code/ssd/build/CMakeFiles/CMakeTmp

Run Build Command:"/usr/bin/gmake" "cmTC_d7e23/fast"
/usr/bin/gmake -f CMakeFiles/cmTC_d7e23.dir/build.make CMakeFiles/cmTC_d7e23.dir/build
gmake[1]: Entering directory '/run/netsop/u/sop-nas2a/vol/home_stars/rpandey/inria/code/ssd/build/CMakeFiles/CMakeTmp'
Building C object CMakeFiles/cmTC_d7e23.dir/CMakeCCompilerABI.c.o
/opt/rh/devtoolset-1.1/root/usr/bin/cc     -o CMakeFiles/cmTC_d7e23.dir/CMakeCCompilerABI.c.o   -c /usr/share/cmake/Modules/CMakeCCompilerABI.c
Linking C executable cmTC_d7e23
/usr/bin/cmake -E cmake_link_script CMakeFiles/cmTC_d7e23.dir/link.txt --verbose=1
/opt/rh/devtoolset-1.1/root/usr/bin/cc      -v CMakeFiles/cmTC_d7e23.dir/CMakeCCompilerABI.c.o  -o cmTC_d7e23 -rdynamic  
Using built-in specs.
COLLECT_GCC=/opt/rh/devtoolset-1.1/root/usr/bin/cc
COLLECT_LTO_WRAPPER=/opt/rh/devtoolset-1.1/root/usr/libexec/gcc/x86_64-redhat-linux/4.7.2/lto-wrapper
Target: x86_64-redhat-linux
Configured with: ../configure --prefix=/opt/rh/devtoolset-1.1/root/usr --mandir=/opt/rh/devtoolset-1.1/root/usr/share/man --infodir=/opt/rh/devtoolset-1.1/root/usr/share/info --with-bugurl=http://bugzilla.redhat.com/bugzilla --enable-bootstrap --enable-shared --enable-threads=posix --enable-checking=release --disable-build-with-cxx --disable-build-poststage1-with-cxx --with-system-zlib --enable-__cxa_atexit --disable-libunwind-exceptions --enable-gnu-unique-object --enable-linker-build-id --enable-languages=c,c++,fortran,lto --enable-plugin --with-linker-hash-style=gnu --enable-initfini-array --disable-libgcj --with-ppl --with-cloog --with-mpc=/builddir/build/BUILD/gcc-4.7.2-20121015/obj-x86_64-redhat-linux/mpc-install --with-tune=generic --with-arch_32=i686 --build=x86_64-redhat-linux
Thread model: posix
gcc version 4.7.2 20121015 (Red Hat 4.7.2-5) (GCC) 
COMPILER_PATH=/opt/rh/devtoolset-1.1/root/usr/libexec/gcc/x86_64-redhat-linux/4.7.2/:/opt/rh/devtoolset-1.1/root/usr/libexec/gcc/x86_64-redhat-linux/4.7.2/:/opt/rh/devtoolset-1.1/root/usr/libexec/gcc/x86_64-redhat-linux/:/opt/rh/devtoolset-1.1/root/usr/lib/gcc/x86_64-redhat-linux/4.7.2/:/opt/rh/devtoolset-1.1/root/usr/lib/gcc/x86_64-redhat-linux/
LIBRARY_PATH=/opt/rh/devtoolset-1.1/root/usr/lib/gcc/x86_64-redhat-linux/4.7.2/:/opt/rh/devtoolset-1.1/root/usr/lib/gcc/x86_64-redhat-linux/4.7.2/../../../../lib64/:/lib/../lib64/:/usr/lib/../lib64/:/opt/rh/devtoolset-1.1/root/usr/lib/gcc/x86_64-redhat-linux/4.7.2/../../../:/lib/:/usr/lib/
COLLECT_GCC_OPTIONS='-v' '-o' 'cmTC_d7e23' '-rdynamic' '-mtune=generic' '-march=x86-64'
 /opt/rh/devtoolset-1.1/root/usr/libexec/gcc/x86_64-redhat-linux/4.7.2/collect2 --build-id --no-add-needed --eh-frame-hdr --hash-style=gnu -m elf_x86_64 -export-dynamic -dynamic-linker /lib64/ld-linux-x86-64.so.2 -o cmTC_d7e23 /lib/../lib64/crt1.o /lib/../lib64/crti.o /opt/rh/devtoolset-1.1/root/usr/lib/gcc/x86_64-redhat-linux/4.7.2/crtbegin.o -L/opt/rh/devtoolset-1.1/root/usr/lib/gcc/x86_64-redhat-linux/4.7.2 -L/opt/rh/devtoolset-1.1/root/usr/lib/gcc/x86_64-redhat-linux/4.7.2/../../../../lib64 -L/lib/../lib64 -L/usr/lib/../lib64 -L/opt/rh/devtoolset-1.1/root/usr/lib/gcc/x86_64-redhat-linux/4.7.2/../../.. CMakeFiles/cmTC_d7e23.dir/CMakeCCompilerABI.c.o -lgcc --as-needed -lgcc_s --no-as-needed -lc -lgcc --as-needed -lgcc_s --no-as-needed /opt/rh/devtoolset-1.1/root/usr/lib/gcc/x86_64-redhat-linux/4.7.2/crtend.o /lib/../lib64/crtn.o
gmake[1]: Leaving directory '/run/netsop/u/sop-nas2a/vol/home_stars/rpandey/inria/code/ssd/build/CMakeFiles/CMakeTmp'


Parsed C implicit link information from above output:
  link line regex: [^( *|.*[/\])(ld|([^/\]+-)?ld|collect2)[^/\]*( |$)]
  ignore line: [Change Dir: /user/rpandey/home/inria/code/ssd/build/CMakeFiles/CMakeTmp]
  ignore line: []
  ignore line: [Run Build Command:"/usr/bin/gmake" "cmTC_d7e23/fast"]
  ignore line: [/usr/bin/gmake -f CMakeFiles/cmTC_d7e23.dir/build.make CMakeFiles/cmTC_d7e23.dir/build]
  ignore line: [gmake[1]: Entering directory '/run/netsop/u/sop-nas2a/vol/home_stars/rpandey/inria/code/ssd/build/CMakeFiles/CMakeTmp']
  ignore line: [Building C object CMakeFiles/cmTC_d7e23.dir/CMakeCCompilerABI.c.o]
  ignore line: [/opt/rh/devtoolset-1.1/root/usr/bin/cc     -o CMakeFiles/cmTC_d7e23.dir/CMakeCCompilerABI.c.o   -c /usr/share/cmake/Modules/CMakeCCompilerABI.c]
  ignore line: [Linking C executable cmTC_d7e23]
  ignore line: [/usr/bin/cmake -E cmake_link_script CMakeFiles/cmTC_d7e23.dir/link.txt --verbose=1]
  ignore line: [/opt/rh/devtoolset-1.1/root/usr/bin/cc      -v CMakeFiles/cmTC_d7e23.dir/CMakeCCompilerABI.c.o  -o cmTC_d7e23 -rdynamic  ]
  ignore line: [Using built-in specs.]
  ignore line: [COLLECT_GCC=/opt/rh/devtoolset-1.1/root/usr/bin/cc]
  ignore line: [COLLECT_LTO_WRAPPER=/opt/rh/devtoolset-1.1/root/usr/libexec/gcc/x86_64-redhat-linux/4.7.2/lto-wrapper]
  ignore line: [Target: x86_64-redhat-linux]
  ignore line: [Configured with: ../configure --prefix=/opt/rh/devtoolset-1.1/root/usr --mandir=/opt/rh/devtoolset-1.1/root/usr/share/man --infodir=/opt/rh/devtoolset-1.1/root/usr/share/info --with-bugurl=http://bugzilla.redhat.com/bugzilla --enable-bootstrap --enable-shared --enable-threads=posix --enable-checking=release --disable-build-with-cxx --disable-build-poststage1-with-cxx --with-system-zlib --enable-__cxa_atexit --disable-libunwind-exceptions --enable-gnu-unique-object --enable-linker-build-id --enable-languages=c,c++,fortran,lto --enable-plugin --with-linker-hash-style=gnu --enable-initfini-array --disable-libgcj --with-ppl --with-cloog --with-mpc=/builddir/build/BUILD/gcc-4.7.2-20121015/obj-x86_64-redhat-linux/mpc-install --with-tune=generic --with-arch_32=i686 --build=x86_64-redhat-linux]
  ignore line: [Thread model: posix]
  ignore line: [gcc version 4.7.2 20121015 (Red Hat 4.7.2-5) (GCC) ]
  ignore line: [COMPILER_PATH=/opt/rh/devtoolset-1.1/root/usr/libexec/gcc/x86_64-redhat-linux/4.7.2/:/opt/rh/devtoolset-1.1/root/usr/libexec/gcc/x86_64-redhat-linux/4.7.2/:/opt/rh/devtoolset-1.1/root/usr/libexec/gcc/x86_64-redhat-linux/:/opt/rh/devtoolset-1.1/root/usr/lib/gcc/x86_64-redhat-linux/4.7.2/:/opt/rh/devtoolset-1.1/root/usr/lib/gcc/x86_64-redhat-linux/]
  ignore line: [LIBRARY_PATH=/opt/rh/devtoolset-1.1/root/usr/lib/gcc/x86_64-redhat-linux/4.7.2/:/opt/rh/devtoolset-1.1/root/usr/lib/gcc/x86_64-redhat-linux/4.7.2/../../../../lib64/:/lib/../lib64/:/usr/lib/../lib64/:/opt/rh/devtoolset-1.1/root/usr/lib/gcc/x86_64-redhat-linux/4.7.2/../../../:/lib/:/usr/lib/]
  ignore line: [COLLECT_GCC_OPTIONS='-v' '-o' 'cmTC_d7e23' '-rdynamic' '-mtune=generic' '-march=x86-64']
  link line: [ /opt/rh/devtoolset-1.1/root/usr/libexec/gcc/x86_64-redhat-linux/4.7.2/collect2 --build-id --no-add-needed --eh-frame-hdr --hash-style=gnu -m elf_x86_64 -export-dynamic -dynamic-linker /lib64/ld-linux-x86-64.so.2 -o cmTC_d7e23 /lib/../lib64/crt1.o /lib/../lib64/crti.o /opt/rh/devtoolset-1.1/root/usr/lib/gcc/x86_64-redhat-linux/4.7.2/crtbegin.o -L/opt/rh/devtoolset-1.1/root/usr/lib/gcc/x86_64-redhat-linux/4.7.2 -L/opt/rh/devtoolset-1.1/root/usr/lib/gcc/x86_64-redhat-linux/4.7.2/../../../../lib64 -L/lib/../lib64 -L/usr/lib/../lib64 -L/opt/rh/devtoolset-1.1/root/usr/lib/gcc/x86_64-redhat-linux/4.7.2/../../.. CMakeFiles/cmTC_d7e23.dir/CMakeCCompilerABI.c.o -lgcc --as-needed -lgcc_s --no-as-needed -lc -lgcc --as-needed -lgcc_s --no-as-needed /opt/rh/devtoolset-1.1/root/usr/lib/gcc/x86_64-redhat-linux/4.7.2/crtend.o /lib/../lib64/crtn.o]
    arg [/opt/rh/devtoolset-1.1/root/usr/libexec/gcc/x86_64-redhat-linux/4.7.2/collect2] ==> ignore
    arg [--build-id] ==> ignore
    arg [--no-add-needed] ==> ignore
    arg [--eh-frame-hdr] ==> ignore
    arg [--hash-style=gnu] ==> ignore
    arg [-m] ==> ignore
    arg [elf_x86_64] ==> ignore
    arg [-export-dynamic] ==> ignore
    arg [-dynamic-linker] ==> ignore
    arg [/lib64/ld-linux-x86-64.so.2] ==> ignore
    arg [-o] ==> ignore
    arg [cmTC_d7e23] ==> ignore
    arg [/lib/../lib64/crt1.o] ==> ignore
    arg [/lib/../lib64/crti.o] ==> ignore
    arg [/opt/rh/devtoolset-1.1/root/usr/lib/gcc/x86_64-redhat-linux/4.7.2/crtbegin.o] ==> ignore
    arg [-L/opt/rh/devtoolset-1.1/root/usr/lib/gcc/x86_64-redhat-linux/4.7.2] ==> dir [/opt/rh/devtoolset-1.1/root/usr/lib/gcc/x86_64-redhat-linux/4.7.2]
    arg [-L/opt/rh/devtoolset-1.1/root/usr/lib/gcc/x86_64-redhat-linux/4.7.2/../../../../lib64] ==> dir [/opt/rh/devtoolset-1.1/root/usr/lib/gcc/x86_64-redhat-linux/4.7.2/../../../../lib64]
    arg [-L/lib/../lib64] ==> dir [/lib/../lib64]
    arg [-L/usr/lib/../lib64] ==> dir [/usr/lib/../lib64]
    arg [-L/opt/rh/devtoolset-1.1/root/usr/lib/gcc/x86_64-redhat-linux/4.7.2/../../..] ==> dir [/opt/rh/devtoolset-1.1/root/usr/lib/gcc/x86_64-redhat-linux/4.7.2/../../..]
    arg [CMakeFiles/cmTC_d7e23.dir/CMakeCCompilerABI.c.o] ==> ignore
    arg [-lgcc] ==> lib [gcc]
    arg [--as-needed] ==> ignore
    arg [-lgcc_s] ==> lib [gcc_s]
    arg [--no-as-needed] ==> ignore
    arg [-lc] ==> lib [c]
    arg [-lgcc] ==> lib [gcc]
    arg [--as-needed] ==> ignore
    arg [-lgcc_s] ==> lib [gcc_s]
    arg [--no-as-needed] ==> ignore
    arg [/opt/rh/devtoolset-1.1/root/usr/lib/gcc/x86_64-redhat-linux/4.7.2/crtend.o] ==> ignore
    arg [/lib/../lib64/crtn.o] ==> ignore
  remove lib [gcc]
  remove lib [gcc_s]
  remove lib [gcc]
  remove lib [gcc_s]
  collapse library dir [/opt/rh/devtoolset-1.1/root/usr/lib/gcc/x86_64-redhat-linux/4.7.2] ==> [/opt/rh/devtoolset-1.1/root/usr/lib/gcc/x86_64-redhat-linux/4.7.2]
  collapse library dir [/opt/rh/devtoolset-1.1/root/usr/lib/gcc/x86_64-redhat-linux/4.7.2/../../../../lib64] ==> [/opt/rh/devtoolset-1.1/root/usr/lib64]
  collapse library dir [/lib/../lib64] ==> [/lib64]
  collapse library dir [/usr/lib/../lib64] ==> [/usr/lib64]
  collapse library dir [/opt/rh/devtoolset-1.1/root/usr/lib/gcc/x86_64-redhat-linux/4.7.2/../../..] ==> [/opt/rh/devtoolset-1.1/root/usr/lib]
  implicit libs: [c]
  implicit dirs: [/opt/rh/devtoolset-1.1/root/usr/lib/gcc/x86_64-redhat-linux/4.7.2;/opt/rh/devtoolset-1.1/root/usr/lib64;/lib64;/usr/lib64;/opt/rh/devtoolset-1.1/root/usr/lib]
  implicit fwks: []




Detecting C [-std=c11] compiler features compiled with the following output:
Change Dir: /user/rpandey/home/inria/code/ssd/build/CMakeFiles/CMakeTmp

Run Build Command:"/usr/bin/gmake" "cmTC_5d6e4/fast"
/usr/bin/gmake -f CMakeFiles/cmTC_5d6e4.dir/build.make CMakeFiles/cmTC_5d6e4.dir/build
gmake[1]: Entering directory '/run/netsop/u/sop-nas2a/vol/home_stars/rpandey/inria/code/ssd/build/CMakeFiles/CMakeTmp'
Building C object CMakeFiles/cmTC_5d6e4.dir/feature_tests.c.o
/opt/rh/devtoolset-1.1/root/usr/bin/cc    -std=c11 -o CMakeFiles/cmTC_5d6e4.dir/feature_tests.c.o   -c /user/rpandey/home/inria/code/ssd/build/CMakeFiles/feature_tests.c
Linking C executable cmTC_5d6e4
/usr/bin/cmake -E cmake_link_script CMakeFiles/cmTC_5d6e4.dir/link.txt --verbose=1
/opt/rh/devtoolset-1.1/root/usr/bin/cc       CMakeFiles/cmTC_5d6e4.dir/feature_tests.c.o  -o cmTC_5d6e4 -rdynamic 
gmake[1]: Leaving directory '/run/netsop/u/sop-nas2a/vol/home_stars/rpandey/inria/code/ssd/build/CMakeFiles/CMakeTmp'


    Feature record: C_FEATURE:1c_function_prototypes
    Feature record: C_FEATURE:1c_restrict
    Feature record: C_FEATURE:1c_static_assert
    Feature record: C_FEATURE:1c_variadic_macros


Detecting C [-std=c99] compiler features compiled with the following output:
Change Dir: /user/rpandey/home/inria/code/ssd/build/CMakeFiles/CMakeTmp

Run Build Command:"/usr/bin/gmake" "cmTC_1b6f3/fast"
/usr/bin/gmake -f CMakeFiles/cmTC_1b6f3.dir/build.make CMakeFiles/cmTC_1b6f3.dir/build
gmake[1]: Entering directory '/run/netsop/u/sop-nas2a/vol/home_stars/rpandey/inria/code/ssd/build/CMakeFiles/CMakeTmp'
Building C object CMakeFiles/cmTC_1b6f3.dir/feature_tests.c.o
/opt/rh/devtoolset-1.1/root/usr/bin/cc    -std=c99 -o CMakeFiles/cmTC_1b6f3.dir/feature_tests.c.o   -c /user/rpandey/home/inria/code/ssd/build/CMakeFiles/feature_tests.c
Linking C executable cmTC_1b6f3
/usr/bin/cmake -E cmake_link_script CMakeFiles/cmTC_1b6f3.dir/link.txt --verbose=1
/opt/rh/devtoolset-1.1/root/usr/bin/cc       CMakeFiles/cmTC_1b6f3.dir/feature_tests.c.o  -o cmTC_1b6f3 -rdynamic 
gmake[1]: Leaving directory '/run/netsop/u/sop-nas2a/vol/home_stars/rpandey/inria/code/ssd/build/CMakeFiles/CMakeTmp'


    Feature record: C_FEATURE:1c_function_prototypes
    Feature record: C_FEATURE:1c_restrict
    Feature record: C_FEATURE:0c_static_assert
    Feature record: C_FEATURE:1c_variadic_macros


Detecting C [-std=c90] compiler features compiled with the following output:
Change Dir: /user/rpandey/home/inria/code/ssd/build/CMakeFiles/CMakeTmp

Run Build Command:"/usr/bin/gmake" "cmTC_9af9f/fast"
/usr/bin/gmake -f CMakeFiles/cmTC_9af9f.dir/build.make CMakeFiles/cmTC_9af9f.dir/build
gmake[1]: Entering directory '/run/netsop/u/sop-nas2a/vol/home_stars/rpandey/inria/code/ssd/build/CMakeFiles/CMakeTmp'
Building C object CMakeFiles/cmTC_9af9f.dir/feature_tests.c.o
/opt/rh/devtoolset-1.1/root/usr/bin/cc    -std=c90 -o CMakeFiles/cmTC_9af9f.dir/feature_tests.c.o   -c /user/rpandey/home/inria/code/ssd/build/CMakeFiles/feature_tests.c
Linking C executable cmTC_9af9f
/usr/bin/cmake -E cmake_link_script CMakeFiles/cmTC_9af9f.dir/link.txt --verbose=1
/opt/rh/devtoolset-1.1/root/usr/bin/cc       CMakeFiles/cmTC_9af9f.dir/feature_tests.c.o  -o cmTC_9af9f -rdynamic 
gmake[1]: Leaving directory '/run/netsop/u/sop-nas2a/vol/home_stars/rpandey/inria/code/ssd/build/CMakeFiles/CMakeTmp'


    Feature record: C_FEATURE:1c_function_prototypes
    Feature record: C_FEATURE:0c_restrict
    Feature record: C_FEATURE:0c_static_assert
    Feature record: C_FEATURE:0c_variadic_macros
Determining if the CXX compiler works passed with the following output:
Change Dir: /user/rpandey/home/inria/code/ssd/build/CMakeFiles/CMakeTmp

Run Build Command:"/usr/bin/gmake" "cmTC_b5694/fast"
/usr/bin/gmake -f CMakeFiles/cmTC_b5694.dir/build.make CMakeFiles/cmTC_b5694.dir/build
gmake[1]: Entering directory '/run/netsop/u/sop-nas2a/vol/home_stars/rpandey/inria/code/ssd/build/CMakeFiles/CMakeTmp'
Building CXX object CMakeFiles/cmTC_b5694.dir/testCXXCompiler.cxx.o
/opt/rh/devtoolset-1.1/root/usr/bin/c++      -o CMakeFiles/cmTC_b5694.dir/testCXXCompiler.cxx.o -c /user/rpandey/home/inria/code/ssd/build/CMakeFiles/CMakeTmp/testCXXCompiler.cxx
Linking CXX executable cmTC_b5694
/usr/bin/cmake -E cmake_link_script CMakeFiles/cmTC_b5694.dir/link.txt --verbose=1
/opt/rh/devtoolset-1.1/root/usr/bin/c++        CMakeFiles/cmTC_b5694.dir/testCXXCompiler.cxx.o  -o cmTC_b5694 -rdynamic 
gmake[1]: Leaving directory '/run/netsop/u/sop-nas2a/vol/home_stars/rpandey/inria/code/ssd/build/CMakeFiles/CMakeTmp'


Detecting CXX compiler ABI info compiled with the following output:
Change Dir: /user/rpandey/home/inria/code/ssd/build/CMakeFiles/CMakeTmp

Run Build Command:"/usr/bin/gmake" "cmTC_13053/fast"
/usr/bin/gmake -f CMakeFiles/cmTC_13053.dir/build.make CMakeFiles/cmTC_13053.dir/build
gmake[1]: Entering directory '/run/netsop/u/sop-nas2a/vol/home_stars/rpandey/inria/code/ssd/build/CMakeFiles/CMakeTmp'
Building CXX object CMakeFiles/cmTC_13053.dir/CMakeCXXCompilerABI.cpp.o
/opt/rh/devtoolset-1.1/root/usr/bin/c++      -o CMakeFiles/cmTC_13053.dir/CMakeCXXCompilerABI.cpp.o -c /usr/share/cmake/Modules/CMakeCXXCompilerABI.cpp
Linking CXX executable cmTC_13053
/usr/bin/cmake -E cmake_link_script CMakeFiles/cmTC_13053.dir/link.txt --verbose=1
/opt/rh/devtoolset-1.1/root/usr/bin/c++       -v CMakeFiles/cmTC_13053.dir/CMakeCXXCompilerABI.cpp.o  -o cmTC_13053 -rdynamic  
Using built-in specs.
COLLECT_GCC=/opt/rh/devtoolset-1.1/root/usr/bin/c++
COLLECT_LTO_WRAPPER=/opt/rh/devtoolset-1.1/root/usr/libexec/gcc/x86_64-redhat-linux/4.7.2/lto-wrapper
Target: x86_64-redhat-linux
Configured with: ../configure --prefix=/opt/rh/devtoolset-1.1/root/usr --mandir=/opt/rh/devtoolset-1.1/root/usr/share/man --infodir=/opt/rh/devtoolset-1.1/root/usr/share/info --with-bugurl=http://bugzilla.redhat.com/bugzilla --enable-bootstrap --enable-shared --enable-threads=posix --enable-checking=release --disable-build-with-cxx --disable-build-poststage1-with-cxx --with-system-zlib --enable-__cxa_atexit --disable-libunwind-exceptions --enable-gnu-unique-object --enable-linker-build-id --enable-languages=c,c++,fortran,lto --enable-plugin --with-linker-hash-style=gnu --enable-initfini-array --disable-libgcj --with-ppl --with-cloog --with-mpc=/builddir/build/BUILD/gcc-4.7.2-20121015/obj-x86_64-redhat-linux/mpc-install --with-tune=generic --with-arch_32=i686 --build=x86_64-redhat-linux
Thread model: posix
gcc version 4.7.2 20121015 (Red Hat 4.7.2-5) (GCC) 
COMPILER_PATH=/opt/rh/devtoolset-1.1/root/usr/libexec/gcc/x86_64-redhat-linux/4.7.2/:/opt/rh/devtoolset-1.1/root/usr/libexec/gcc/x86_64-redhat-linux/4.7.2/:/opt/rh/devtoolset-1.1/root/usr/libexec/gcc/x86_64-redhat-linux/:/opt/rh/devtoolset-1.1/root/usr/lib/gcc/x86_64-redhat-linux/4.7.2/:/opt/rh/devtoolset-1.1/root/usr/lib/gcc/x86_64-redhat-linux/
LIBRARY_PATH=/opt/rh/devtoolset-1.1/root/usr/lib/gcc/x86_64-redhat-linux/4.7.2/:/opt/rh/devtoolset-1.1/root/usr/lib/gcc/x86_64-redhat-linux/4.7.2/../../../../lib64/:/lib/../lib64/:/usr/lib/../lib64/:/opt/rh/devtoolset-1.1/root/usr/lib/gcc/x86_64-redhat-linux/4.7.2/../../../:/lib/:/usr/lib/
COLLECT_GCC_OPTIONS='-v' '-o' 'cmTC_13053' '-rdynamic' '-shared-libgcc' '-mtune=generic' '-march=x86-64'
 /opt/rh/devtoolset-1.1/root/usr/libexec/gcc/x86_64-redhat-linux/4.7.2/collect2 --build-id --no-add-needed --eh-frame-hdr --hash-style=gnu -m elf_x86_64 -export-dynamic -dynamic-linker /lib64/ld-linux-x86-64.so.2 -o cmTC_13053 /lib/../lib64/crt1.o /lib/../lib64/crti.o /opt/rh/devtoolset-1.1/root/usr/lib/gcc/x86_64-redhat-linux/4.7.2/crtbegin.o -L/opt/rh/devtoolset-1.1/root/usr/lib/gcc/x86_64-redhat-linux/4.7.2 -L/opt/rh/devtoolset-1.1/root/usr/lib/gcc/x86_64-redhat-linux/4.7.2/../../../../lib64 -L/lib/../lib64 -L/usr/lib/../lib64 -L/opt/rh/devtoolset-1.1/root/usr/lib/gcc/x86_64-redhat-linux/4.7.2/../../.. CMakeFiles/cmTC_13053.dir/CMakeCXXCompilerABI.cpp.o -lstdc++ -lm -lgcc_s -lgcc -lc -lgcc_s -lgcc /opt/rh/devtoolset-1.1/root/usr/lib/gcc/x86_64-redhat-linux/4.7.2/crtend.o /lib/../lib64/crtn.o
gmake[1]: Leaving directory '/run/netsop/u/sop-nas2a/vol/home_stars/rpandey/inria/code/ssd/build/CMakeFiles/CMakeTmp'


Parsed CXX implicit link information from above output:
  link line regex: [^( *|.*[/\])(ld|([^/\]+-)?ld|collect2)[^/\]*( |$)]
  ignore line: [Change Dir: /user/rpandey/home/inria/code/ssd/build/CMakeFiles/CMakeTmp]
  ignore line: []
  ignore line: [Run Build Command:"/usr/bin/gmake" "cmTC_13053/fast"]
  ignore line: [/usr/bin/gmake -f CMakeFiles/cmTC_13053.dir/build.make CMakeFiles/cmTC_13053.dir/build]
  ignore line: [gmake[1]: Entering directory '/run/netsop/u/sop-nas2a/vol/home_stars/rpandey/inria/code/ssd/build/CMakeFiles/CMakeTmp']
  ignore line: [Building CXX object CMakeFiles/cmTC_13053.dir/CMakeCXXCompilerABI.cpp.o]
  ignore line: [/opt/rh/devtoolset-1.1/root/usr/bin/c++      -o CMakeFiles/cmTC_13053.dir/CMakeCXXCompilerABI.cpp.o -c /usr/share/cmake/Modules/CMakeCXXCompilerABI.cpp]
  ignore line: [Linking CXX executable cmTC_13053]
  ignore line: [/usr/bin/cmake -E cmake_link_script CMakeFiles/cmTC_13053.dir/link.txt --verbose=1]
  ignore line: [/opt/rh/devtoolset-1.1/root/usr/bin/c++       -v CMakeFiles/cmTC_13053.dir/CMakeCXXCompilerABI.cpp.o  -o cmTC_13053 -rdynamic  ]
  ignore line: [Using built-in specs.]
  ignore line: [COLLECT_GCC=/opt/rh/devtoolset-1.1/root/usr/bin/c++]
  ignore line: [COLLECT_LTO_WRAPPER=/opt/rh/devtoolset-1.1/root/usr/libexec/gcc/x86_64-redhat-linux/4.7.2/lto-wrapper]
  ignore line: [Target: x86_64-redhat-linux]
  ignore line: [Configured with: ../configure --prefix=/opt/rh/devtoolset-1.1/root/usr --mandir=/opt/rh/devtoolset-1.1/root/usr/share/man --infodir=/opt/rh/devtoolset-1.1/root/usr/share/info --with-bugurl=http://bugzilla.redhat.com/bugzilla --enable-bootstrap --enable-shared --enable-threads=posix --enable-checking=release --disable-build-with-cxx --disable-build-poststage1-with-cxx --with-system-zlib --enable-__cxa_atexit --disable-libunwind-exceptions --enable-gnu-unique-object --enable-linker-build-id --enable-languages=c,c++,fortran,lto --enable-plugin --with-linker-hash-style=gnu --enable-initfini-array --disable-libgcj --with-ppl --with-cloog --with-mpc=/builddir/build/BUILD/gcc-4.7.2-20121015/obj-x86_64-redhat-linux/mpc-install --with-tune=generic --with-arch_32=i686 --build=x86_64-redhat-linux]
  ignore line: [Thread model: posix]
  ignore line: [gcc version 4.7.2 20121015 (Red Hat 4.7.2-5) (GCC) ]
  ignore line: [COMPILER_PATH=/opt/rh/devtoolset-1.1/root/usr/libexec/gcc/x86_64-redhat-linux/4.7.2/:/opt/rh/devtoolset-1.1/root/usr/libexec/gcc/x86_64-redhat-linux/4.7.2/:/opt/rh/devtoolset-1.1/root/usr/libexec/gcc/x86_64-redhat-linux/:/opt/rh/devtoolset-1.1/root/usr/lib/gcc/x86_64-redhat-linux/4.7.2/:/opt/rh/devtoolset-1.1/root/usr/lib/gcc/x86_64-redhat-linux/]
  ignore line: [LIBRARY_PATH=/opt/rh/devtoolset-1.1/root/usr/lib/gcc/x86_64-redhat-linux/4.7.2/:/opt/rh/devtoolset-1.1/root/usr/lib/gcc/x86_64-redhat-linux/4.7.2/../../../../lib64/:/lib/../lib64/:/usr/lib/../lib64/:/opt/rh/devtoolset-1.1/root/usr/lib/gcc/x86_64-redhat-linux/4.7.2/../../../:/lib/:/usr/lib/]
  ignore line: [COLLECT_GCC_OPTIONS='-v' '-o' 'cmTC_13053' '-rdynamic' '-shared-libgcc' '-mtune=generic' '-march=x86-64']
  link line: [ /opt/rh/devtoolset-1.1/root/usr/libexec/gcc/x86_64-redhat-linux/4.7.2/collect2 --build-id --no-add-needed --eh-frame-hdr --hash-style=gnu -m elf_x86_64 -export-dynamic -dynamic-linker /lib64/ld-linux-x86-64.so.2 -o cmTC_13053 /lib/../lib64/crt1.o /lib/../lib64/crti.o /opt/rh/devtoolset-1.1/root/usr/lib/gcc/x86_64-redhat-linux/4.7.2/crtbegin.o -L/opt/rh/devtoolset-1.1/root/usr/lib/gcc/x86_64-redhat-linux/4.7.2 -L/opt/rh/devtoolset-1.1/root/usr/lib/gcc/x86_64-redhat-linux/4.7.2/../../../../lib64 -L/lib/../lib64 -L/usr/lib/../lib64 -L/opt/rh/devtoolset-1.1/root/usr/lib/gcc/x86_64-redhat-linux/4.7.2/../../.. CMakeFiles/cmTC_13053.dir/CMakeCXXCompilerABI.cpp.o -lstdc++ -lm -lgcc_s -lgcc -lc -lgcc_s -lgcc /opt/rh/devtoolset-1.1/root/usr/lib/gcc/x86_64-redhat-linux/4.7.2/crtend.o /lib/../lib64/crtn.o]
    arg [/opt/rh/devtoolset-1.1/root/usr/libexec/gcc/x86_64-redhat-linux/4.7.2/collect2] ==> ignore
    arg [--build-id] ==> ignore
    arg [--no-add-needed] ==> ignore
    arg [--eh-frame-hdr] ==> ignore
    arg [--hash-style=gnu] ==> ignore
    arg [-m] ==> ignore
    arg [elf_x86_64] ==> ignore
    arg [-export-dynamic] ==> ignore
    arg [-dynamic-linker] ==> ignore
    arg [/lib64/ld-linux-x86-64.so.2] ==> ignore
    arg [-o] ==> ignore
    arg [cmTC_13053] ==> ignore
    arg [/lib/../lib64/crt1.o] ==> ignore
    arg [/lib/../lib64/crti.o] ==> ignore
    arg [/opt/rh/devtoolset-1.1/root/usr/lib/gcc/x86_64-redhat-linux/4.7.2/crtbegin.o] ==> ignore
    arg [-L/opt/rh/devtoolset-1.1/root/usr/lib/gcc/x86_64-redhat-linux/4.7.2] ==> dir [/opt/rh/devtoolset-1.1/root/usr/lib/gcc/x86_64-redhat-linux/4.7.2]
    arg [-L/opt/rh/devtoolset-1.1/root/usr/lib/gcc/x86_64-redhat-linux/4.7.2/../../../../lib64] ==> dir [/opt/rh/devtoolset-1.1/root/usr/lib/gcc/x86_64-redhat-linux/4.7.2/../../../../lib64]
    arg [-L/lib/../lib64] ==> dir [/lib/../lib64]
    arg [-L/usr/lib/../lib64] ==> dir [/usr/lib/../lib64]
    arg [-L/opt/rh/devtoolset-1.1/root/usr/lib/gcc/x86_64-redhat-linux/4.7.2/../../..] ==> dir [/opt/rh/devtoolset-1.1/root/usr/lib/gcc/x86_64-redhat-linux/4.7.2/../../..]
    arg [CMakeFiles/cmTC_13053.dir/CMakeCXXCompilerABI.cpp.o] ==> ignore
    arg [-lstdc++] ==> lib [stdc++]
    arg [-lm] ==> lib [m]
    arg [-lgcc_s] ==> lib [gcc_s]
    arg [-lgcc] ==> lib [gcc]
    arg [-lc] ==> lib [c]
    arg [-lgcc_s] ==> lib [gcc_s]
    arg [-lgcc] ==> lib [gcc]
    arg [/opt/rh/devtoolset-1.1/root/usr/lib/gcc/x86_64-redhat-linux/4.7.2/crtend.o] ==> ignore
    arg [/lib/../lib64/crtn.o] ==> ignore
  remove lib [gcc_s]
  remove lib [gcc]
  remove lib [gcc_s]
  remove lib [gcc]
  collapse library dir [/opt/rh/devtoolset-1.1/root/usr/lib/gcc/x86_64-redhat-linux/4.7.2] ==> [/opt/rh/devtoolset-1.1/root/usr/lib/gcc/x86_64-redhat-linux/4.7.2]
  collapse library dir [/opt/rh/devtoolset-1.1/root/usr/lib/gcc/x86_64-redhat-linux/4.7.2/../../../../lib64] ==> [/opt/rh/devtoolset-1.1/root/usr/lib64]
  collapse library dir [/lib/../lib64] ==> [/lib64]
  collapse library dir [/usr/lib/../lib64] ==> [/usr/lib64]
  collapse library dir [/opt/rh/devtoolset-1.1/root/usr/lib/gcc/x86_64-redhat-linux/4.7.2/../../..] ==> [/opt/rh/devtoolset-1.1/root/usr/lib]
  implicit libs: [stdc++;m;c]
  implicit dirs: [/opt/rh/devtoolset-1.1/root/usr/lib/gcc/x86_64-redhat-linux/4.7.2;/opt/rh/devtoolset-1.1/root/usr/lib64;/lib64;/usr/lib64;/opt/rh/devtoolset-1.1/root/usr/lib]
  implicit fwks: []




Detecting CXX [-std=c++11] compiler features compiled with the following output:
Change Dir: /user/rpandey/home/inria/code/ssd/build/CMakeFiles/CMakeTmp

Run Build Command:"/usr/bin/gmake" "cmTC_8a004/fast"
/usr/bin/gmake -f CMakeFiles/cmTC_8a004.dir/build.make CMakeFiles/cmTC_8a004.dir/build
gmake[1]: Entering directory '/run/netsop/u/sop-nas2a/vol/home_stars/rpandey/inria/code/ssd/build/CMakeFiles/CMakeTmp'
Building CXX object CMakeFiles/cmTC_8a004.dir/feature_tests.cxx.o
/opt/rh/devtoolset-1.1/root/usr/bin/c++     -std=c++11 -o CMakeFiles/cmTC_8a004.dir/feature_tests.cxx.o -c /user/rpandey/home/inria/code/ssd/build/CMakeFiles/feature_tests.cxx
Linking CXX executable cmTC_8a004
/usr/bin/cmake -E cmake_link_script CMakeFiles/cmTC_8a004.dir/link.txt --verbose=1
/opt/rh/devtoolset-1.1/root/usr/bin/c++        CMakeFiles/cmTC_8a004.dir/feature_tests.cxx.o  -o cmTC_8a004 -rdynamic 
gmake[1]: Leaving directory '/run/netsop/u/sop-nas2a/vol/home_stars/rpandey/inria/code/ssd/build/CMakeFiles/CMakeTmp'


    Feature record: CXX_FEATURE:0cxx_aggregate_default_initializers
    Feature record: CXX_FEATURE:1cxx_alias_templates
    Feature record: CXX_FEATURE:0cxx_alignas
    Feature record: CXX_FEATURE:0cxx_alignof
    Feature record: CXX_FEATURE:0cxx_attributes
    Feature record: CXX_FEATURE:0cxx_attribute_deprecated
    Feature record: CXX_FEATURE:1cxx_auto_type
    Feature record: CXX_FEATURE:0cxx_binary_literals
    Feature record: CXX_FEATURE:1cxx_constexpr
    Feature record: CXX_FEATURE:0cxx_contextual_conversions
    Feature record: CXX_FEATURE:1cxx_decltype
    Feature record: CXX_FEATURE:0cxx_decltype_auto
    Feature record: CXX_FEATURE:0cxx_decltype_incomplete_return_types
    Feature record: CXX_FEATURE:1cxx_default_function_template_args
    Feature record: CXX_FEATURE:1cxx_defaulted_functions
    Feature record: CXX_FEATURE:1cxx_defaulted_move_initializers
    Feature record: CXX_FEATURE:1cxx_delegating_constructors
    Feature record: CXX_FEATURE:1cxx_deleted_functions
    Feature record: CXX_FEATURE:0cxx_digit_separators
    Feature record: CXX_FEATURE:1cxx_enum_forward_declarations
    Feature record: CXX_FEATURE:1cxx_explicit_conversions
    Feature record: CXX_FEATURE:1cxx_extended_friend_declarations
    Feature record: CXX_FEATURE:1cxx_extern_templates
    Feature record: CXX_FEATURE:1cxx_final
    Feature record: CXX_FEATURE:1cxx_func_identifier
    Feature record: CXX_FEATURE:1cxx_generalized_initializers
    Feature record: CXX_FEATURE:0cxx_generic_lambdas
    Feature record: CXX_FEATURE:0cxx_inheriting_constructors
    Feature record: CXX_FEATURE:1cxx_inline_namespaces
    Feature record: CXX_FEATURE:1cxx_lambdas
    Feature record: CXX_FEATURE:0cxx_lambda_init_captures
    Feature record: CXX_FEATURE:1cxx_local_type_template_args
    Feature record: CXX_FEATURE:1cxx_long_long_type
    Feature record: CXX_FEATURE:1cxx_noexcept
    Feature record: CXX_FEATURE:1cxx_nonstatic_member_init
    Feature record: CXX_FEATURE:1cxx_nullptr
    Feature record: CXX_FEATURE:1cxx_override
    Feature record: CXX_FEATURE:1cxx_range_for
    Feature record: CXX_FEATURE:1cxx_raw_string_literals
    Feature record: CXX_FEATURE:0cxx_reference_qualified_functions
    Feature record: CXX_FEATURE:0cxx_relaxed_constexpr
    Feature record: CXX_FEATURE:0cxx_return_type_deduction
    Feature record: CXX_FEATURE:1cxx_right_angle_brackets
    Feature record: CXX_FEATURE:1cxx_rvalue_references
    Feature record: CXX_FEATURE:1cxx_sizeof_member
    Feature record: CXX_FEATURE:1cxx_static_assert
    Feature record: CXX_FEATURE:1cxx_strong_enums
    Feature record: CXX_FEATURE:1cxx_template_template_parameters
    Feature record: CXX_FEATURE:0cxx_thread_local
    Feature record: CXX_FEATURE:1cxx_trailing_return_types
    Feature record: CXX_FEATURE:1cxx_unicode_literals
    Feature record: CXX_FEATURE:1cxx_uniform_initialization
    Feature record: CXX_FEATURE:1cxx_unrestricted_unions
    Feature record: CXX_FEATURE:1cxx_user_literals
    Feature record: CXX_FEATURE:0cxx_variable_templates
    Feature record: CXX_FEATURE:1cxx_variadic_macros
    Feature record: CXX_FEATURE:1cxx_variadic_templates


Detecting CXX [-std=c++98] compiler features compiled with the following output:
Change Dir: /user/rpandey/home/inria/code/ssd/build/CMakeFiles/CMakeTmp

Run Build Command:"/usr/bin/gmake" "cmTC_dcd29/fast"
/usr/bin/gmake -f CMakeFiles/cmTC_dcd29.dir/build.make CMakeFiles/cmTC_dcd29.dir/build
gmake[1]: Entering directory '/run/netsop/u/sop-nas2a/vol/home_stars/rpandey/inria/code/ssd/build/CMakeFiles/CMakeTmp'
Building CXX object CMakeFiles/cmTC_dcd29.dir/feature_tests.cxx.o
/opt/rh/devtoolset-1.1/root/usr/bin/c++     -std=c++98 -o CMakeFiles/cmTC_dcd29.dir/feature_tests.cxx.o -c /user/rpandey/home/inria/code/ssd/build/CMakeFiles/feature_tests.cxx
Linking CXX executable cmTC_dcd29
/usr/bin/cmake -E cmake_link_script CMakeFiles/cmTC_dcd29.dir/link.txt --verbose=1
/opt/rh/devtoolset-1.1/root/usr/bin/c++        CMakeFiles/cmTC_dcd29.dir/feature_tests.cxx.o  -o cmTC_dcd29 -rdynamic 
gmake[1]: Leaving directory '/run/netsop/u/sop-nas2a/vol/home_stars/rpandey/inria/code/ssd/build/CMakeFiles/CMakeTmp'


    Feature record: CXX_FEATURE:0cxx_aggregate_default_initializers
    Feature record: CXX_FEATURE:0cxx_alias_templates
    Feature record: CXX_FEATURE:0cxx_alignas
    Feature record: CXX_FEATURE:0cxx_alignof
    Feature record: CXX_FEATURE:0cxx_attributes
    Feature record: CXX_FEATURE:0cxx_attribute_deprecated
    Feature record: CXX_FEATURE:0cxx_auto_type
    Feature record: CXX_FEATURE:0cxx_binary_literals
    Feature record: CXX_FEATURE:0cxx_constexpr
    Feature record: CXX_FEATURE:0cxx_contextual_conversions
    Feature record: CXX_FEATURE:0cxx_decltype
    Feature record: CXX_FEATURE:0cxx_decltype_auto
    Feature record: CXX_FEATURE:0cxx_decltype_incomplete_return_types
    Feature record: CXX_FEATURE:0cxx_default_function_template_args
    Feature record: CXX_FEATURE:0cxx_defaulted_functions
    Feature record: CXX_FEATURE:0cxx_defaulted_move_initializers
    Feature record: CXX_FEATURE:0cxx_delegating_constructors
    Feature record: CXX_FEATURE:0cxx_deleted_functions
    Feature record: CXX_FEATURE:0cxx_digit_separators
    Feature record: CXX_FEATURE:0cxx_enum_forward_declarations
    Feature record: CXX_FEATURE:0cxx_explicit_conversions
    Feature record: CXX_FEATURE:0cxx_extended_friend_declarations
    Feature record: CXX_FEATURE:0cxx_extern_templates
    Feature record: CXX_FEATURE:0cxx_final
    Feature record: CXX_FEATURE:0cxx_func_identifier
    Feature record: CXX_FEATURE:0cxx_generalized_initializers
    Feature record: CXX_FEATURE:0cxx_generic_lambdas
    Feature record: CXX_FEATURE:0cxx_inheriting_constructors
    Feature record: CXX_FEATURE:0cxx_inline_namespaces
    Feature record: CXX_FEATURE:0cxx_lambdas
    Feature record: CXX_FEATURE:0cxx_lambda_init_captures
    Feature record: CXX_FEATURE:0cxx_local_type_template_args
    Feature record: CXX_FEATURE:0cxx_long_long_type
    Feature record: CXX_FEATURE:0cxx_noexcept
    Feature record: CXX_FEATURE:0cxx_nonstatic_member_init
    Feature record: CXX_FEATURE:0cxx_nullptr
    Feature record: CXX_FEATURE:0cxx_override
    Feature record: CXX_FEATURE:0cxx_range_for
    Feature record: CXX_FEATURE:0cxx_raw_string_literals
    Feature record: CXX_FEATURE:0cxx_reference_qualified_functions
    Feature record: CXX_FEATURE:0cxx_relaxed_constexpr
    Feature record: CXX_FEATURE:0cxx_return_type_deduction
    Feature record: CXX_FEATURE:0cxx_right_angle_brackets
    Feature record: CXX_FEATURE:0cxx_rvalue_references
    Feature record: CXX_FEATURE:0cxx_sizeof_member
    Feature record: CXX_FEATURE:0cxx_static_assert
    Feature record: CXX_FEATURE:0cxx_strong_enums
    Feature record: CXX_FEATURE:1cxx_template_template_parameters
    Feature record: CXX_FEATURE:0cxx_thread_local
    Feature record: CXX_FEATURE:0cxx_trailing_return_types
    Feature record: CXX_FEATURE:0cxx_unicode_literals
    Feature record: CXX_FEATURE:0cxx_uniform_initialization
    Feature record: CXX_FEATURE:0cxx_unrestricted_unions
    Feature record: CXX_FEATURE:0cxx_user_literals
    Feature record: CXX_FEATURE:0cxx_variable_templates
    Feature record: CXX_FEATURE:0cxx_variadic_macros
    Feature record: CXX_FEATURE:0cxx_variadic_templates
